[2019-01-02 14:08:36] log_channel.ERROR: Uncaught Exception Error: "Class 'mysql_xdevapi\Exception' not found" at C:\OSPanel\domains\nixapp\App\core\App.php line 17 {"exception":"[object] (Error(code: 0): Class 'mysql_xdevapi\\Exception' not found at C:\\OSPanel\\domains\\nixapp\\App\\core\\App.php:17)"} []
[2019-01-02 14:08:37] log_channel.ERROR: Uncaught Exception Error: "Class 'mysql_xdevapi\Exception' not found" at C:\OSPanel\domains\nixapp\App\core\App.php line 17 {"exception":"[object] (Error(code: 0): Class 'mysql_xdevapi\\Exception' not found at C:\\OSPanel\\domains\\nixapp\\App\\core\\App.php:17)"} []
[2019-01-02 14:08:37] log_channel.ERROR: Uncaught Exception Error: "Class 'mysql_xdevapi\Exception' not found" at C:\OSPanel\domains\nixapp\App\core\App.php line 17 {"exception":"[object] (Error(code: 0): Class 'mysql_xdevapi\\Exception' not found at C:\\OSPanel\\domains\\nixapp\\App\\core\\App.php:17)"} []
[2019-01-02 14:08:37] log_channel.ERROR: Uncaught Exception Error: "Class 'mysql_xdevapi\Exception' not found" at C:\OSPanel\domains\nixapp\App\core\App.php line 17 {"exception":"[object] (Error(code: 0): Class 'mysql_xdevapi\\Exception' not found at C:\\OSPanel\\domains\\nixapp\\App\\core\\App.php:17)"} []
[2019-01-02 14:08:37] log_channel.ERROR: Uncaught Exception Error: "Class 'mysql_xdevapi\Exception' not found" at C:\OSPanel\domains\nixapp\App\core\App.php line 17 {"exception":"[object] (Error(code: 0): Class 'mysql_xdevapi\\Exception' not found at C:\\OSPanel\\domains\\nixapp\\App\\core\\App.php:17)"} []
[2019-01-02 14:08:37] log_channel.ERROR: Uncaught Exception Error: "Class 'mysql_xdevapi\Exception' not found" at C:\OSPanel\domains\nixapp\App\core\App.php line 17 {"exception":"[object] (Error(code: 0): Class 'mysql_xdevapi\\Exception' not found at C:\\OSPanel\\domains\\nixapp\\App\\core\\App.php:17)"} []
[2019-01-04 18:32:23] log_channel.ERROR: Uncaught Exception Error: "Class 'Core\PDO' not found" at C:\OSPanel\domains\nixapp\App\core\DBWrapper.php line 24 {"exception":"[object] (Error(code: 0): Class 'Core\\PDO' not found at C:\\OSPanel\\domains\\nixapp\\App\\core\\DBWrapper.php:24)"} []
[2019-01-04 18:32:23] log_channel.ERROR: Uncaught Exception Error: "Class 'Core\PDO' not found" at C:\OSPanel\domains\nixapp\App\core\DBWrapper.php line 24 {"exception":"[object] (Error(code: 0): Class 'Core\\PDO' not found at C:\\OSPanel\\domains\\nixapp\\App\\core\\DBWrapper.php:24)"} []
[2019-01-04 18:33:42] log_channel.ERROR: Uncaught Exception Error: "Class 'Core\PDO' not found" at C:\OSPanel\domains\nixapp\App\core\DBWrapper.php line 24 {"exception":"[object] (Error(code: 0): Class 'Core\\PDO' not found at C:\\OSPanel\\domains\\nixapp\\App\\core\\DBWrapper.php:24)"} []
[2019-01-04 18:33:42] log_channel.ERROR: Uncaught Exception Error: "Class 'Core\PDO' not found" at C:\OSPanel\domains\nixapp\App\core\DBWrapper.php line 24 {"exception":"[object] (Error(code: 0): Class 'Core\\PDO' not found at C:\\OSPanel\\domains\\nixapp\\App\\core\\DBWrapper.php:24)"} []
[2019-01-04 18:33:42] log_channel.ERROR: Uncaught Exception Error: "Class 'Core\PDO' not found" at C:\OSPanel\domains\nixapp\App\core\DBWrapper.php line 24 {"exception":"[object] (Error(code: 0): Class 'Core\\PDO' not found at C:\\OSPanel\\domains\\nixapp\\App\\core\\DBWrapper.php:24)"} []
[2019-01-04 18:33:42] log_channel.ERROR: Uncaught Exception Error: "Class 'Core\PDO' not found" at C:\OSPanel\domains\nixapp\App\core\DBWrapper.php line 24 {"exception":"[object] (Error(code: 0): Class 'Core\\PDO' not found at C:\\OSPanel\\domains\\nixapp\\App\\core\\DBWrapper.php:24)"} []
[2019-01-04 18:33:43] log_channel.ERROR: Uncaught Exception Error: "Class 'Core\PDO' not found" at C:\OSPanel\domains\nixapp\App\core\DBWrapper.php line 24 {"exception":"[object] (Error(code: 0): Class 'Core\\PDO' not found at C:\\OSPanel\\domains\\nixapp\\App\\core\\DBWrapper.php:24)"} []
[2019-01-04 18:33:43] log_channel.ERROR: Uncaught Exception Error: "Class 'Core\PDO' not found" at C:\OSPanel\domains\nixapp\App\core\DBWrapper.php line 24 {"exception":"[object] (Error(code: 0): Class 'Core\\PDO' not found at C:\\OSPanel\\domains\\nixapp\\App\\core\\DBWrapper.php:24)"} []
[2019-01-04 18:35:53] log_channel.ERROR: Uncaught Exception Error: "Class 'Core\PDO' not found" at C:\OSPanel\domains\nixapp\App\core\DBWrapper.php line 23 {"exception":"[object] (Error(code: 0): Class 'Core\\PDO' not found at C:\\OSPanel\\domains\\nixapp\\App\\core\\DBWrapper.php:23)"} []
[2019-01-04 18:35:53] log_channel.ERROR: Uncaught Exception Error: "Class 'Core\PDO' not found" at C:\OSPanel\domains\nixapp\App\core\DBWrapper.php line 23 {"exception":"[object] (Error(code: 0): Class 'Core\\PDO' not found at C:\\OSPanel\\domains\\nixapp\\App\\core\\DBWrapper.php:23)"} []
[2019-01-04 18:35:54] log_channel.ERROR: Uncaught Exception Error: "Class 'Core\PDO' not found" at C:\OSPanel\domains\nixapp\App\core\DBWrapper.php line 23 {"exception":"[object] (Error(code: 0): Class 'Core\\PDO' not found at C:\\OSPanel\\domains\\nixapp\\App\\core\\DBWrapper.php:23)"} []
[2019-01-04 18:35:54] log_channel.ERROR: Uncaught Exception Error: "Class 'Core\PDO' not found" at C:\OSPanel\domains\nixapp\App\core\DBWrapper.php line 23 {"exception":"[object] (Error(code: 0): Class 'Core\\PDO' not found at C:\\OSPanel\\domains\\nixapp\\App\\core\\DBWrapper.php:23)"} []
[2019-01-04 18:38:46] log_channel.ERROR: Uncaught Exception Error: "Class 'Core\PDO' not found" at C:\OSPanel\domains\nixapp\App\core\DBWrapper.php line 23 {"exception":"[object] (Error(code: 0): Class 'Core\\PDO' not found at C:\\OSPanel\\domains\\nixapp\\App\\core\\DBWrapper.php:23)"} []
[2019-01-04 18:38:46] log_channel.ERROR: Uncaught Exception Error: "Class 'Core\PDO' not found" at C:\OSPanel\domains\nixapp\App\core\DBWrapper.php line 23 {"exception":"[object] (Error(code: 0): Class 'Core\\PDO' not found at C:\\OSPanel\\domains\\nixapp\\App\\core\\DBWrapper.php:23)"} []
[2019-01-04 18:38:53] log_channel.ERROR: Uncaught Exception Error: "Class 'Core\PDO' not found" at C:\OSPanel\domains\nixapp\App\core\DBWrapper.php line 23 {"exception":"[object] (Error(code: 0): Class 'Core\\PDO' not found at C:\\OSPanel\\domains\\nixapp\\App\\core\\DBWrapper.php:23)"} []
[2019-01-04 18:38:53] log_channel.ERROR: Uncaught Exception Error: "Class 'Core\PDO' not found" at C:\OSPanel\domains\nixapp\App\core\DBWrapper.php line 23 {"exception":"[object] (Error(code: 0): Class 'Core\\PDO' not found at C:\\OSPanel\\domains\\nixapp\\App\\core\\DBWrapper.php:23)"} []
[2019-01-04 18:38:53] log_channel.ERROR: Uncaught Exception Error: "Class 'Core\PDO' not found" at C:\OSPanel\domains\nixapp\App\core\DBWrapper.php line 23 {"exception":"[object] (Error(code: 0): Class 'Core\\PDO' not found at C:\\OSPanel\\domains\\nixapp\\App\\core\\DBWrapper.php:23)"} []
[2019-01-04 18:38:53] log_channel.ERROR: Uncaught Exception Error: "Class 'Core\PDO' not found" at C:\OSPanel\domains\nixapp\App\core\DBWrapper.php line 23 {"exception":"[object] (Error(code: 0): Class 'Core\\PDO' not found at C:\\OSPanel\\domains\\nixapp\\App\\core\\DBWrapper.php:23)"} []
[2019-01-04 18:38:53] log_channel.ERROR: Uncaught Exception Error: "Class 'Core\PDO' not found" at C:\OSPanel\domains\nixapp\App\core\DBWrapper.php line 23 {"exception":"[object] (Error(code: 0): Class 'Core\\PDO' not found at C:\\OSPanel\\domains\\nixapp\\App\\core\\DBWrapper.php:23)"} []
[2019-01-04 18:38:53] log_channel.ERROR: Uncaught Exception Error: "Class 'Core\PDO' not found" at C:\OSPanel\domains\nixapp\App\core\DBWrapper.php line 23 {"exception":"[object] (Error(code: 0): Class 'Core\\PDO' not found at C:\\OSPanel\\domains\\nixapp\\App\\core\\DBWrapper.php:23)"} []
[2019-01-04 18:38:54] log_channel.ERROR: Uncaught Exception Error: "Class 'Core\PDO' not found" at C:\OSPanel\domains\nixapp\App\core\DBWrapper.php line 23 {"exception":"[object] (Error(code: 0): Class 'Core\\PDO' not found at C:\\OSPanel\\domains\\nixapp\\App\\core\\DBWrapper.php:23)"} []
[2019-01-04 18:38:54] log_channel.ERROR: Uncaught Exception Error: "Class 'Core\PDO' not found" at C:\OSPanel\domains\nixapp\App\core\DBWrapper.php line 23 {"exception":"[object] (Error(code: 0): Class 'Core\\PDO' not found at C:\\OSPanel\\domains\\nixapp\\App\\core\\DBWrapper.php:23)"} []
[2019-01-04 19:00:28] log_channel.ERROR: Uncaught Exception Error: "Class 'Mappers\ProductMapper' not found" at C:\OSPanel\domains\nixapp\App\controllers\ShowController.php line 24 {"exception":"[object] (Error(code: 0): Class 'Mappers\\ProductMapper' not found at C:\\OSPanel\\domains\\nixapp\\App\\controllers\\ShowController.php:24)"} []
[2019-01-04 19:00:28] log_channel.ERROR: Uncaught Exception Error: "Class 'Mappers\ProductMapper' not found" at C:\OSPanel\domains\nixapp\App\controllers\ShowController.php line 24 {"exception":"[object] (Error(code: 0): Class 'Mappers\\ProductMapper' not found at C:\\OSPanel\\domains\\nixapp\\App\\controllers\\ShowController.php:24)"} []
[2019-01-04 19:00:29] log_channel.ERROR: Uncaught Exception Error: "Class 'Mappers\ProductMapper' not found" at C:\OSPanel\domains\nixapp\App\controllers\ShowController.php line 24 {"exception":"[object] (Error(code: 0): Class 'Mappers\\ProductMapper' not found at C:\\OSPanel\\domains\\nixapp\\App\\controllers\\ShowController.php:24)"} []
[2019-01-04 19:00:29] log_channel.ERROR: Uncaught Exception Error: "Class 'Mappers\ProductMapper' not found" at C:\OSPanel\domains\nixapp\App\controllers\ShowController.php line 24 {"exception":"[object] (Error(code: 0): Class 'Mappers\\ProductMapper' not found at C:\\OSPanel\\domains\\nixapp\\App\\controllers\\ShowController.php:24)"} []
[2019-01-04 19:00:29] log_channel.ERROR: Uncaught Exception Error: "Class 'Mappers\ProductMapper' not found" at C:\OSPanel\domains\nixapp\App\controllers\ShowController.php line 24 {"exception":"[object] (Error(code: 0): Class 'Mappers\\ProductMapper' not found at C:\\OSPanel\\domains\\nixapp\\App\\controllers\\ShowController.php:24)"} []
[2019-01-04 19:00:29] log_channel.ERROR: Uncaught Exception Error: "Class 'Mappers\ProductMapper' not found" at C:\OSPanel\domains\nixapp\App\controllers\ShowController.php line 24 {"exception":"[object] (Error(code: 0): Class 'Mappers\\ProductMapper' not found at C:\\OSPanel\\domains\\nixapp\\App\\controllers\\ShowController.php:24)"} []
[2019-01-04 19:20:14] log_channel.ERROR: Uncaught Exception ParseError: "syntax error, unexpected '$mapper' (T_VARIABLE)" at C:\OSPanel\domains\nixapp\App\controllers\ShowController.php line 25 {"exception":"[object] (ParseError(code: 0): syntax error, unexpected '$mapper' (T_VARIABLE) at C:\\OSPanel\\domains\\nixapp\\App\\controllers\\ShowController.php:25)"} []
[2019-01-04 19:20:14] log_channel.ERROR: Uncaught Exception ParseError: "syntax error, unexpected '$mapper' (T_VARIABLE)" at C:\OSPanel\domains\nixapp\App\controllers\ShowController.php line 25 {"exception":"[object] (ParseError(code: 0): syntax error, unexpected '$mapper' (T_VARIABLE) at C:\\OSPanel\\domains\\nixapp\\App\\controllers\\ShowController.php:25)"} []
[2019-01-04 19:20:15] log_channel.ERROR: Uncaught Exception ParseError: "syntax error, unexpected '$mapper' (T_VARIABLE)" at C:\OSPanel\domains\nixapp\App\controllers\ShowController.php line 25 {"exception":"[object] (ParseError(code: 0): syntax error, unexpected '$mapper' (T_VARIABLE) at C:\\OSPanel\\domains\\nixapp\\App\\controllers\\ShowController.php:25)"} []
[2019-01-04 19:20:15] log_channel.ERROR: Uncaught Exception ParseError: "syntax error, unexpected '$mapper' (T_VARIABLE)" at C:\OSPanel\domains\nixapp\App\controllers\ShowController.php line 25 {"exception":"[object] (ParseError(code: 0): syntax error, unexpected '$mapper' (T_VARIABLE) at C:\\OSPanel\\domains\\nixapp\\App\\controllers\\ShowController.php:25)"} []
[2019-01-04 19:24:31] log_channel.ERROR: Uncaught Exception Error: "Class 'Mappers\PDO' not found" at C:\OSPanel\domains\nixapp\App\DataMappers\CategoryMapper.php line 21 {"exception":"[object] (Error(code: 0): Class 'Mappers\\PDO' not found at C:\\OSPanel\\domains\\nixapp\\App\\DataMappers\\CategoryMapper.php:21)"} []
[2019-01-04 19:24:31] log_channel.ERROR: Uncaught Exception Error: "Class 'Mappers\PDO' not found" at C:\OSPanel\domains\nixapp\App\DataMappers\CategoryMapper.php line 21 {"exception":"[object] (Error(code: 0): Class 'Mappers\\PDO' not found at C:\\OSPanel\\domains\\nixapp\\App\\DataMappers\\CategoryMapper.php:21)"} []
[2019-01-04 19:32:32] log_channel.WARNING: E_WARNING: Illegal string offset 'category' {"code":2,"message":"Illegal string offset 'category'","file":"C:\\OSPanel\\domains\\nixapp\\App\\views\\index.php","line":28} []
[2019-01-04 19:32:32] log_channel.WARNING: E_WARNING: Illegal string offset 'category' {"code":2,"message":"Illegal string offset 'category'","file":"C:\\OSPanel\\domains\\nixapp\\App\\views\\index.php","line":28} []
[2019-01-04 19:32:32] log_channel.WARNING: E_WARNING: Illegal string offset 'category' {"code":2,"message":"Illegal string offset 'category'","file":"C:\\OSPanel\\domains\\nixapp\\App\\views\\index.php","line":28} []
[2019-01-04 19:32:32] log_channel.WARNING: E_WARNING: Illegal string offset 'category' {"code":2,"message":"Illegal string offset 'category'","file":"C:\\OSPanel\\domains\\nixapp\\App\\views\\index.php","line":28} []
[2019-01-04 19:32:34] log_channel.WARNING: E_WARNING: Illegal string offset 'category' {"code":2,"message":"Illegal string offset 'category'","file":"C:\\OSPanel\\domains\\nixapp\\App\\views\\index.php","line":28} []
[2019-01-04 19:32:34] log_channel.WARNING: E_WARNING: Illegal string offset 'category' {"code":2,"message":"Illegal string offset 'category'","file":"C:\\OSPanel\\domains\\nixapp\\App\\views\\index.php","line":28} []
[2019-01-04 19:32:34] log_channel.WARNING: E_WARNING: Illegal string offset 'category' {"code":2,"message":"Illegal string offset 'category'","file":"C:\\OSPanel\\domains\\nixapp\\App\\views\\index.php","line":28} []
[2019-01-04 19:32:34] log_channel.WARNING: E_WARNING: Illegal string offset 'category' {"code":2,"message":"Illegal string offset 'category'","file":"C:\\OSPanel\\domains\\nixapp\\App\\views\\index.php","line":28} []
[2019-01-04 19:32:34] log_channel.WARNING: E_WARNING: Illegal string offset 'category' {"code":2,"message":"Illegal string offset 'category'","file":"C:\\OSPanel\\domains\\nixapp\\App\\views\\index.php","line":28} []
[2019-01-04 19:32:34] log_channel.WARNING: E_WARNING: Illegal string offset 'category' {"code":2,"message":"Illegal string offset 'category'","file":"C:\\OSPanel\\domains\\nixapp\\App\\views\\index.php","line":28} []
[2019-01-04 19:34:27] log_channel.WARNING: E_WARNING: Illegal string offset 'category' {"code":2,"message":"Illegal string offset 'category'","file":"C:\\OSPanel\\domains\\nixapp\\App\\views\\index.php","line":30} []
[2019-01-04 19:34:27] log_channel.WARNING: E_WARNING: Illegal string offset 'category' {"code":2,"message":"Illegal string offset 'category'","file":"C:\\OSPanel\\domains\\nixapp\\App\\views\\index.php","line":30} []
[2019-01-04 19:34:27] log_channel.WARNING: E_WARNING: Illegal string offset 'category' {"code":2,"message":"Illegal string offset 'category'","file":"C:\\OSPanel\\domains\\nixapp\\App\\views\\index.php","line":30} []
[2019-01-04 19:34:27] log_channel.WARNING: E_WARNING: Illegal string offset 'category' {"code":2,"message":"Illegal string offset 'category'","file":"C:\\OSPanel\\domains\\nixapp\\App\\views\\index.php","line":30} []
[2019-01-04 19:34:27] log_channel.WARNING: E_WARNING: Illegal string offset 'category' {"code":2,"message":"Illegal string offset 'category'","file":"C:\\OSPanel\\domains\\nixapp\\App\\views\\index.php","line":30} []
[2019-01-04 19:34:27] log_channel.WARNING: E_WARNING: Illegal string offset 'category' {"code":2,"message":"Illegal string offset 'category'","file":"C:\\OSPanel\\domains\\nixapp\\App\\views\\index.php","line":30} []
[2019-01-04 19:34:27] log_channel.WARNING: E_WARNING: Illegal string offset 'category' {"code":2,"message":"Illegal string offset 'category'","file":"C:\\OSPanel\\domains\\nixapp\\App\\views\\index.php","line":30} []
[2019-01-04 19:34:27] log_channel.WARNING: E_WARNING: Illegal string offset 'category' {"code":2,"message":"Illegal string offset 'category'","file":"C:\\OSPanel\\domains\\nixapp\\App\\views\\index.php","line":30} []
[2019-01-04 19:34:27] log_channel.WARNING: E_WARNING: Illegal string offset 'category' {"code":2,"message":"Illegal string offset 'category'","file":"C:\\OSPanel\\domains\\nixapp\\App\\views\\index.php","line":30} []
[2019-01-04 19:34:27] log_channel.WARNING: E_WARNING: Illegal string offset 'category' {"code":2,"message":"Illegal string offset 'category'","file":"C:\\OSPanel\\domains\\nixapp\\App\\views\\index.php","line":30} []
[2019-01-04 19:34:27] log_channel.WARNING: E_WARNING: Illegal string offset 'category' {"code":2,"message":"Illegal string offset 'category'","file":"C:\\OSPanel\\domains\\nixapp\\App\\views\\index.php","line":30} []
[2019-01-04 19:34:27] log_channel.WARNING: E_WARNING: Illegal string offset 'category' {"code":2,"message":"Illegal string offset 'category'","file":"C:\\OSPanel\\domains\\nixapp\\App\\views\\index.php","line":30} []
[2019-01-04 19:34:27] log_channel.WARNING: E_WARNING: Illegal string offset 'category' {"code":2,"message":"Illegal string offset 'category'","file":"C:\\OSPanel\\domains\\nixapp\\App\\views\\index.php","line":30} []
[2019-01-04 19:34:27] log_channel.WARNING: E_WARNING: Illegal string offset 'category' {"code":2,"message":"Illegal string offset 'category'","file":"C:\\OSPanel\\domains\\nixapp\\App\\views\\index.php","line":30} []
[2019-01-04 19:34:27] log_channel.WARNING: E_WARNING: Illegal string offset 'category' {"code":2,"message":"Illegal string offset 'category'","file":"C:\\OSPanel\\domains\\nixapp\\App\\views\\index.php","line":30} []
[2019-01-04 19:34:27] log_channel.WARNING: E_WARNING: Illegal string offset 'category' {"code":2,"message":"Illegal string offset 'category'","file":"C:\\OSPanel\\domains\\nixapp\\App\\views\\index.php","line":30} []
[2019-01-04 19:34:27] log_channel.WARNING: E_WARNING: Illegal string offset 'category' {"code":2,"message":"Illegal string offset 'category'","file":"C:\\OSPanel\\domains\\nixapp\\App\\views\\index.php","line":30} []
[2019-01-04 19:34:27] log_channel.WARNING: E_WARNING: Illegal string offset 'category' {"code":2,"message":"Illegal string offset 'category'","file":"C:\\OSPanel\\domains\\nixapp\\App\\views\\index.php","line":30} []
[2019-01-04 19:34:28] log_channel.WARNING: E_WARNING: Illegal string offset 'category' {"code":2,"message":"Illegal string offset 'category'","file":"C:\\OSPanel\\domains\\nixapp\\App\\views\\index.php","line":30} []
[2019-01-04 19:34:28] log_channel.WARNING: E_WARNING: Illegal string offset 'category' {"code":2,"message":"Illegal string offset 'category'","file":"C:\\OSPanel\\domains\\nixapp\\App\\views\\index.php","line":30} []
[2019-01-04 19:34:28] log_channel.WARNING: E_WARNING: Illegal string offset 'category' {"code":2,"message":"Illegal string offset 'category'","file":"C:\\OSPanel\\domains\\nixapp\\App\\views\\index.php","line":30} []
[2019-01-04 19:34:28] log_channel.WARNING: E_WARNING: Illegal string offset 'category' {"code":2,"message":"Illegal string offset 'category'","file":"C:\\OSPanel\\domains\\nixapp\\App\\views\\index.php","line":30} []
[2019-01-04 19:34:28] log_channel.WARNING: E_WARNING: Illegal string offset 'category' {"code":2,"message":"Illegal string offset 'category'","file":"C:\\OSPanel\\domains\\nixapp\\App\\views\\index.php","line":30} []
[2019-01-04 19:34:28] log_channel.WARNING: E_WARNING: Illegal string offset 'category' {"code":2,"message":"Illegal string offset 'category'","file":"C:\\OSPanel\\domains\\nixapp\\App\\views\\index.php","line":30} []
[2019-01-04 19:34:28] log_channel.WARNING: E_WARNING: Illegal string offset 'category' {"code":2,"message":"Illegal string offset 'category'","file":"C:\\OSPanel\\domains\\nixapp\\App\\views\\index.php","line":30} []
[2019-01-04 19:34:28] log_channel.WARNING: E_WARNING: Illegal string offset 'category' {"code":2,"message":"Illegal string offset 'category'","file":"C:\\OSPanel\\domains\\nixapp\\App\\views\\index.php","line":30} []
[2019-01-04 19:34:28] log_channel.WARNING: E_WARNING: Illegal string offset 'category' {"code":2,"message":"Illegal string offset 'category'","file":"C:\\OSPanel\\domains\\nixapp\\App\\views\\index.php","line":30} []
[2019-01-04 19:34:28] log_channel.WARNING: E_WARNING: Illegal string offset 'category' {"code":2,"message":"Illegal string offset 'category'","file":"C:\\OSPanel\\domains\\nixapp\\App\\views\\index.php","line":30} []
[2019-01-04 19:34:28] log_channel.WARNING: E_WARNING: Illegal string offset 'category' {"code":2,"message":"Illegal string offset 'category'","file":"C:\\OSPanel\\domains\\nixapp\\App\\views\\index.php","line":30} []
[2019-01-04 19:34:28] log_channel.WARNING: E_WARNING: Illegal string offset 'category' {"code":2,"message":"Illegal string offset 'category'","file":"C:\\OSPanel\\domains\\nixapp\\App\\views\\index.php","line":30} []
[2019-01-04 19:34:28] log_channel.WARNING: E_WARNING: Illegal string offset 'category' {"code":2,"message":"Illegal string offset 'category'","file":"C:\\OSPanel\\domains\\nixapp\\App\\views\\index.php","line":30} []
[2019-01-04 19:34:28] log_channel.WARNING: E_WARNING: Illegal string offset 'category' {"code":2,"message":"Illegal string offset 'category'","file":"C:\\OSPanel\\domains\\nixapp\\App\\views\\index.php","line":30} []
[2019-01-04 19:34:28] log_channel.WARNING: E_WARNING: Illegal string offset 'category' {"code":2,"message":"Illegal string offset 'category'","file":"C:\\OSPanel\\domains\\nixapp\\App\\views\\index.php","line":30} []
[2019-01-04 19:34:28] log_channel.WARNING: E_WARNING: Illegal string offset 'category' {"code":2,"message":"Illegal string offset 'category'","file":"C:\\OSPanel\\domains\\nixapp\\App\\views\\index.php","line":30} []
[2019-01-04 19:34:28] log_channel.WARNING: E_WARNING: Illegal string offset 'category' {"code":2,"message":"Illegal string offset 'category'","file":"C:\\OSPanel\\domains\\nixapp\\App\\views\\index.php","line":30} []
[2019-01-04 19:34:28] log_channel.WARNING: E_WARNING: Illegal string offset 'category' {"code":2,"message":"Illegal string offset 'category'","file":"C:\\OSPanel\\domains\\nixapp\\App\\views\\index.php","line":30} []
[2019-01-04 19:34:28] log_channel.WARNING: E_WARNING: Illegal string offset 'category' {"code":2,"message":"Illegal string offset 'category'","file":"C:\\OSPanel\\domains\\nixapp\\App\\views\\index.php","line":30} []
[2019-01-04 19:34:28] log_channel.WARNING: E_WARNING: Illegal string offset 'category' {"code":2,"message":"Illegal string offset 'category'","file":"C:\\OSPanel\\domains\\nixapp\\App\\views\\index.php","line":30} []
[2019-01-04 19:34:28] log_channel.WARNING: E_WARNING: Illegal string offset 'category' {"code":2,"message":"Illegal string offset 'category'","file":"C:\\OSPanel\\domains\\nixapp\\App\\views\\index.php","line":30} []
[2019-01-04 19:34:28] log_channel.WARNING: E_WARNING: Illegal string offset 'category' {"code":2,"message":"Illegal string offset 'category'","file":"C:\\OSPanel\\domains\\nixapp\\App\\views\\index.php","line":30} []
[2019-01-04 19:34:28] log_channel.WARNING: E_WARNING: Illegal string offset 'category' {"code":2,"message":"Illegal string offset 'category'","file":"C:\\OSPanel\\domains\\nixapp\\App\\views\\index.php","line":30} []
[2019-01-04 19:34:28] log_channel.WARNING: E_WARNING: Illegal string offset 'category' {"code":2,"message":"Illegal string offset 'category'","file":"C:\\OSPanel\\domains\\nixapp\\App\\views\\index.php","line":30} []
[2019-01-04 19:34:28] log_channel.WARNING: E_WARNING: Illegal string offset 'category' {"code":2,"message":"Illegal string offset 'category'","file":"C:\\OSPanel\\domains\\nixapp\\App\\views\\index.php","line":30} []
[2019-01-04 19:34:28] log_channel.WARNING: E_WARNING: Illegal string offset 'category' {"code":2,"message":"Illegal string offset 'category'","file":"C:\\OSPanel\\domains\\nixapp\\App\\views\\index.php","line":30} []
[2019-01-04 19:34:28] log_channel.WARNING: E_WARNING: Illegal string offset 'category' {"code":2,"message":"Illegal string offset 'category'","file":"C:\\OSPanel\\domains\\nixapp\\App\\views\\index.php","line":30} []
[2019-01-04 19:34:28] log_channel.WARNING: E_WARNING: Illegal string offset 'category' {"code":2,"message":"Illegal string offset 'category'","file":"C:\\OSPanel\\domains\\nixapp\\App\\views\\index.php","line":30} []
[2019-01-04 19:34:28] log_channel.WARNING: E_WARNING: Illegal string offset 'category' {"code":2,"message":"Illegal string offset 'category'","file":"C:\\OSPanel\\domains\\nixapp\\App\\views\\index.php","line":30} []
[2019-01-04 19:34:28] log_channel.WARNING: E_WARNING: Illegal string offset 'category' {"code":2,"message":"Illegal string offset 'category'","file":"C:\\OSPanel\\domains\\nixapp\\App\\views\\index.php","line":30} []
[2019-01-04 19:34:36] log_channel.WARNING: E_WARNING: Illegal string offset 'category' {"code":2,"message":"Illegal string offset 'category'","file":"C:\\OSPanel\\domains\\nixapp\\App\\views\\index.php","line":30} []
[2019-01-04 19:34:36] log_channel.WARNING: E_WARNING: Illegal string offset 'category' {"code":2,"message":"Illegal string offset 'category'","file":"C:\\OSPanel\\domains\\nixapp\\App\\views\\index.php","line":30} []
[2019-01-04 19:34:36] log_channel.WARNING: E_WARNING: Illegal string offset 'category' {"code":2,"message":"Illegal string offset 'category'","file":"C:\\OSPanel\\domains\\nixapp\\App\\views\\index.php","line":30} []
[2019-01-04 19:34:36] log_channel.WARNING: E_WARNING: Illegal string offset 'category' {"code":2,"message":"Illegal string offset 'category'","file":"C:\\OSPanel\\domains\\nixapp\\App\\views\\index.php","line":30} []
[2019-01-04 19:34:36] log_channel.WARNING: E_WARNING: Illegal string offset 'category' {"code":2,"message":"Illegal string offset 'category'","file":"C:\\OSPanel\\domains\\nixapp\\App\\views\\index.php","line":30} []
[2019-01-04 19:34:36] log_channel.WARNING: E_WARNING: Illegal string offset 'category' {"code":2,"message":"Illegal string offset 'category'","file":"C:\\OSPanel\\domains\\nixapp\\App\\views\\index.php","line":30} []
[2019-01-04 19:34:36] log_channel.WARNING: E_WARNING: Illegal string offset 'category' {"code":2,"message":"Illegal string offset 'category'","file":"C:\\OSPanel\\domains\\nixapp\\App\\views\\index.php","line":30} []
[2019-01-04 19:34:36] log_channel.WARNING: E_WARNING: Illegal string offset 'category' {"code":2,"message":"Illegal string offset 'category'","file":"C:\\OSPanel\\domains\\nixapp\\App\\views\\index.php","line":30} []
[2019-01-04 19:34:36] log_channel.WARNING: E_WARNING: Illegal string offset 'category' {"code":2,"message":"Illegal string offset 'category'","file":"C:\\OSPanel\\domains\\nixapp\\App\\views\\index.php","line":30} []
[2019-01-04 19:34:36] log_channel.WARNING: E_WARNING: Illegal string offset 'category' {"code":2,"message":"Illegal string offset 'category'","file":"C:\\OSPanel\\domains\\nixapp\\App\\views\\index.php","line":30} []
[2019-01-04 19:34:36] log_channel.WARNING: E_WARNING: Illegal string offset 'category' {"code":2,"message":"Illegal string offset 'category'","file":"C:\\OSPanel\\domains\\nixapp\\App\\views\\index.php","line":30} []
[2019-01-04 19:34:36] log_channel.WARNING: E_WARNING: Illegal string offset 'category' {"code":2,"message":"Illegal string offset 'category'","file":"C:\\OSPanel\\domains\\nixapp\\App\\views\\index.php","line":30} []
[2019-01-04 19:35:22] log_channel.WARNING: E_WARNING: Illegal string offset 'category' {"code":2,"message":"Illegal string offset 'category'","file":"C:\\OSPanel\\domains\\nixapp\\App\\views\\index.php","line":32} []
[2019-01-04 19:35:22] log_channel.WARNING: E_WARNING: Illegal string offset 'category' {"code":2,"message":"Illegal string offset 'category'","file":"C:\\OSPanel\\domains\\nixapp\\App\\views\\index.php","line":32} []
[2019-01-04 19:35:22] log_channel.WARNING: E_WARNING: Illegal string offset 'category' {"code":2,"message":"Illegal string offset 'category'","file":"C:\\OSPanel\\domains\\nixapp\\App\\views\\index.php","line":32} []
[2019-01-04 19:35:22] log_channel.WARNING: E_WARNING: Illegal string offset 'category' {"code":2,"message":"Illegal string offset 'category'","file":"C:\\OSPanel\\domains\\nixapp\\App\\views\\index.php","line":32} []
[2019-01-04 19:35:22] log_channel.WARNING: E_WARNING: Illegal string offset 'category' {"code":2,"message":"Illegal string offset 'category'","file":"C:\\OSPanel\\domains\\nixapp\\App\\views\\index.php","line":32} []
[2019-01-04 19:35:22] log_channel.WARNING: E_WARNING: Illegal string offset 'category' {"code":2,"message":"Illegal string offset 'category'","file":"C:\\OSPanel\\domains\\nixapp\\App\\views\\index.php","line":32} []
[2019-01-04 19:35:22] log_channel.WARNING: E_WARNING: Illegal string offset 'category' {"code":2,"message":"Illegal string offset 'category'","file":"C:\\OSPanel\\domains\\nixapp\\App\\views\\index.php","line":32} []
[2019-01-04 19:35:22] log_channel.WARNING: E_WARNING: Illegal string offset 'category' {"code":2,"message":"Illegal string offset 'category'","file":"C:\\OSPanel\\domains\\nixapp\\App\\views\\index.php","line":32} []
[2019-01-04 19:35:22] log_channel.WARNING: E_WARNING: Illegal string offset 'category' {"code":2,"message":"Illegal string offset 'category'","file":"C:\\OSPanel\\domains\\nixapp\\App\\views\\index.php","line":32} []
[2019-01-04 19:35:22] log_channel.WARNING: E_WARNING: Illegal string offset 'category' {"code":2,"message":"Illegal string offset 'category'","file":"C:\\OSPanel\\domains\\nixapp\\App\\views\\index.php","line":32} []
[2019-01-04 19:35:22] log_channel.WARNING: E_WARNING: Illegal string offset 'category' {"code":2,"message":"Illegal string offset 'category'","file":"C:\\OSPanel\\domains\\nixapp\\App\\views\\index.php","line":32} []
[2019-01-04 19:35:22] log_channel.WARNING: E_WARNING: Illegal string offset 'category' {"code":2,"message":"Illegal string offset 'category'","file":"C:\\OSPanel\\domains\\nixapp\\App\\views\\index.php","line":32} []
[2019-01-04 19:35:41] log_channel.WARNING: E_WARNING: Illegal string offset 'category' {"code":2,"message":"Illegal string offset 'category'","file":"C:\\OSPanel\\domains\\nixapp\\App\\views\\index.php","line":32} []
[2019-01-04 19:35:41] log_channel.WARNING: E_WARNING: Illegal string offset 'category' {"code":2,"message":"Illegal string offset 'category'","file":"C:\\OSPanel\\domains\\nixapp\\App\\views\\index.php","line":32} []
[2019-01-04 19:35:41] log_channel.WARNING: E_WARNING: Illegal string offset 'category' {"code":2,"message":"Illegal string offset 'category'","file":"C:\\OSPanel\\domains\\nixapp\\App\\views\\index.php","line":32} []
[2019-01-04 19:35:41] log_channel.WARNING: E_WARNING: Illegal string offset 'category' {"code":2,"message":"Illegal string offset 'category'","file":"C:\\OSPanel\\domains\\nixapp\\App\\views\\index.php","line":32} []
[2019-01-04 19:35:41] log_channel.WARNING: E_WARNING: Illegal string offset 'category' {"code":2,"message":"Illegal string offset 'category'","file":"C:\\OSPanel\\domains\\nixapp\\App\\views\\index.php","line":32} []
[2019-01-04 19:35:41] log_channel.WARNING: E_WARNING: Illegal string offset 'category' {"code":2,"message":"Illegal string offset 'category'","file":"C:\\OSPanel\\domains\\nixapp\\App\\views\\index.php","line":32} []
[2019-01-04 19:35:41] log_channel.WARNING: E_WARNING: Illegal string offset 'category' {"code":2,"message":"Illegal string offset 'category'","file":"C:\\OSPanel\\domains\\nixapp\\App\\views\\index.php","line":32} []
[2019-01-04 19:35:41] log_channel.WARNING: E_WARNING: Illegal string offset 'category' {"code":2,"message":"Illegal string offset 'category'","file":"C:\\OSPanel\\domains\\nixapp\\App\\views\\index.php","line":32} []
[2019-01-04 19:35:41] log_channel.WARNING: E_WARNING: Illegal string offset 'category' {"code":2,"message":"Illegal string offset 'category'","file":"C:\\OSPanel\\domains\\nixapp\\App\\views\\index.php","line":32} []
[2019-01-04 19:35:41] log_channel.WARNING: E_WARNING: Illegal string offset 'category' {"code":2,"message":"Illegal string offset 'category'","file":"C:\\OSPanel\\domains\\nixapp\\App\\views\\index.php","line":32} []
[2019-01-04 19:35:41] log_channel.WARNING: E_WARNING: Illegal string offset 'category' {"code":2,"message":"Illegal string offset 'category'","file":"C:\\OSPanel\\domains\\nixapp\\App\\views\\index.php","line":32} []
[2019-01-04 19:35:41] log_channel.WARNING: E_WARNING: Illegal string offset 'category' {"code":2,"message":"Illegal string offset 'category'","file":"C:\\OSPanel\\domains\\nixapp\\App\\views\\index.php","line":32} []
[2019-01-04 19:36:08] log_channel.ERROR: Uncaught Exception ParseError: "syntax error, unexpected '}', expecting end of file" at C:\OSPanel\domains\nixapp\App\views\index.php line 32 {"exception":"[object] (ParseError(code: 0): syntax error, unexpected '}', expecting end of file at C:\\OSPanel\\domains\\nixapp\\App\\views\\index.php:32)"} []
[2019-01-04 19:36:08] log_channel.ERROR: Uncaught Exception ParseError: "syntax error, unexpected '}', expecting end of file" at C:\OSPanel\domains\nixapp\App\views\index.php line 32 {"exception":"[object] (ParseError(code: 0): syntax error, unexpected '}', expecting end of file at C:\\OSPanel\\domains\\nixapp\\App\\views\\index.php:32)"} []
[2019-01-04 19:36:08] log_channel.ERROR: Uncaught Exception ParseError: "syntax error, unexpected '}', expecting end of file" at C:\OSPanel\domains\nixapp\App\views\index.php line 32 {"exception":"[object] (ParseError(code: 0): syntax error, unexpected '}', expecting end of file at C:\\OSPanel\\domains\\nixapp\\App\\views\\index.php:32)"} []
[2019-01-04 19:36:08] log_channel.ERROR: Uncaught Exception ParseError: "syntax error, unexpected '}', expecting end of file" at C:\OSPanel\domains\nixapp\App\views\index.php line 32 {"exception":"[object] (ParseError(code: 0): syntax error, unexpected '}', expecting end of file at C:\\OSPanel\\domains\\nixapp\\App\\views\\index.php:32)"} []
[2019-01-04 19:36:38] log_channel.ERROR: Uncaught Exception ParseError: "syntax error, unexpected '}', expecting end of file" at C:\OSPanel\domains\nixapp\App\views\index.php line 32 {"exception":"[object] (ParseError(code: 0): syntax error, unexpected '}', expecting end of file at C:\\OSPanel\\domains\\nixapp\\App\\views\\index.php:32)"} []
[2019-01-04 19:36:38] log_channel.ERROR: Uncaught Exception ParseError: "syntax error, unexpected '}', expecting end of file" at C:\OSPanel\domains\nixapp\App\views\index.php line 32 {"exception":"[object] (ParseError(code: 0): syntax error, unexpected '}', expecting end of file at C:\\OSPanel\\domains\\nixapp\\App\\views\\index.php:32)"} []
[2019-01-04 19:36:38] log_channel.ERROR: Uncaught Exception ParseError: "syntax error, unexpected '}', expecting end of file" at C:\OSPanel\domains\nixapp\App\views\index.php line 32 {"exception":"[object] (ParseError(code: 0): syntax error, unexpected '}', expecting end of file at C:\\OSPanel\\domains\\nixapp\\App\\views\\index.php:32)"} []
[2019-01-04 19:36:38] log_channel.ERROR: Uncaught Exception ParseError: "syntax error, unexpected '}', expecting end of file" at C:\OSPanel\domains\nixapp\App\views\index.php line 32 {"exception":"[object] (ParseError(code: 0): syntax error, unexpected '}', expecting end of file at C:\\OSPanel\\domains\\nixapp\\App\\views\\index.php:32)"} []
[2019-01-04 19:36:39] log_channel.ERROR: Uncaught Exception ParseError: "syntax error, unexpected '}', expecting end of file" at C:\OSPanel\domains\nixapp\App\views\index.php line 32 {"exception":"[object] (ParseError(code: 0): syntax error, unexpected '}', expecting end of file at C:\\OSPanel\\domains\\nixapp\\App\\views\\index.php:32)"} []
[2019-01-04 19:36:39] log_channel.ERROR: Uncaught Exception ParseError: "syntax error, unexpected '}', expecting end of file" at C:\OSPanel\domains\nixapp\App\views\index.php line 32 {"exception":"[object] (ParseError(code: 0): syntax error, unexpected '}', expecting end of file at C:\\OSPanel\\domains\\nixapp\\App\\views\\index.php:32)"} []
[2019-01-04 19:36:39] log_channel.ERROR: Uncaught Exception ParseError: "syntax error, unexpected '}', expecting end of file" at C:\OSPanel\domains\nixapp\App\views\index.php line 32 {"exception":"[object] (ParseError(code: 0): syntax error, unexpected '}', expecting end of file at C:\\OSPanel\\domains\\nixapp\\App\\views\\index.php:32)"} []
[2019-01-04 19:36:39] log_channel.ERROR: Uncaught Exception ParseError: "syntax error, unexpected '}', expecting end of file" at C:\OSPanel\domains\nixapp\App\views\index.php line 32 {"exception":"[object] (ParseError(code: 0): syntax error, unexpected '}', expecting end of file at C:\\OSPanel\\domains\\nixapp\\App\\views\\index.php:32)"} []
[2019-01-04 19:36:46] log_channel.ERROR: Uncaught Exception ParseError: "syntax error, unexpected '}', expecting end of file" at C:\OSPanel\domains\nixapp\App\views\index.php line 32 {"exception":"[object] (ParseError(code: 0): syntax error, unexpected '}', expecting end of file at C:\\OSPanel\\domains\\nixapp\\App\\views\\index.php:32)"} []
[2019-01-04 19:36:46] log_channel.ERROR: Uncaught Exception ParseError: "syntax error, unexpected '}', expecting end of file" at C:\OSPanel\domains\nixapp\App\views\index.php line 32 {"exception":"[object] (ParseError(code: 0): syntax error, unexpected '}', expecting end of file at C:\\OSPanel\\domains\\nixapp\\App\\views\\index.php:32)"} []
[2019-01-04 19:36:46] log_channel.ERROR: Uncaught Exception ParseError: "syntax error, unexpected '}', expecting end of file" at C:\OSPanel\domains\nixapp\App\views\index.php line 32 {"exception":"[object] (ParseError(code: 0): syntax error, unexpected '}', expecting end of file at C:\\OSPanel\\domains\\nixapp\\App\\views\\index.php:32)"} []
[2019-01-04 19:36:46] log_channel.ERROR: Uncaught Exception ParseError: "syntax error, unexpected '}', expecting end of file" at C:\OSPanel\domains\nixapp\App\views\index.php line 32 {"exception":"[object] (ParseError(code: 0): syntax error, unexpected '}', expecting end of file at C:\\OSPanel\\domains\\nixapp\\App\\views\\index.php:32)"} []
[2019-01-04 19:41:06] log_channel.WARNING: E_WARNING: Illegal string offset 'category' {"code":2,"message":"Illegal string offset 'category'","file":"C:\\OSPanel\\domains\\nixapp\\App\\views\\index.php","line":30} []
[2019-01-04 19:41:06] log_channel.WARNING: E_WARNING: Illegal string offset 'category' {"code":2,"message":"Illegal string offset 'category'","file":"C:\\OSPanel\\domains\\nixapp\\App\\views\\index.php","line":30} []
[2019-01-04 19:41:06] log_channel.WARNING: E_WARNING: Illegal string offset 'category' {"code":2,"message":"Illegal string offset 'category'","file":"C:\\OSPanel\\domains\\nixapp\\App\\views\\index.php","line":30} []
[2019-01-04 19:41:06] log_channel.WARNING: E_WARNING: Illegal string offset 'category' {"code":2,"message":"Illegal string offset 'category'","file":"C:\\OSPanel\\domains\\nixapp\\App\\views\\index.php","line":30} []
[2019-01-04 19:41:10] log_channel.WARNING: E_WARNING: Illegal string offset 'category' {"code":2,"message":"Illegal string offset 'category'","file":"C:\\OSPanel\\domains\\nixapp\\App\\views\\index.php","line":30} []
[2019-01-04 19:41:10] log_channel.WARNING: E_WARNING: Illegal string offset 'category' {"code":2,"message":"Illegal string offset 'category'","file":"C:\\OSPanel\\domains\\nixapp\\App\\views\\index.php","line":30} []
[2019-01-04 19:41:10] log_channel.WARNING: E_WARNING: Illegal string offset 'category' {"code":2,"message":"Illegal string offset 'category'","file":"C:\\OSPanel\\domains\\nixapp\\App\\views\\index.php","line":30} []
[2019-01-04 19:41:10] log_channel.WARNING: E_WARNING: Illegal string offset 'category' {"code":2,"message":"Illegal string offset 'category'","file":"C:\\OSPanel\\domains\\nixapp\\App\\views\\index.php","line":30} []
[2019-01-04 19:41:10] log_channel.WARNING: E_WARNING: Illegal string offset 'category' {"code":2,"message":"Illegal string offset 'category'","file":"C:\\OSPanel\\domains\\nixapp\\App\\views\\index.php","line":30} []
[2019-01-04 19:41:10] log_channel.WARNING: E_WARNING: Illegal string offset 'category' {"code":2,"message":"Illegal string offset 'category'","file":"C:\\OSPanel\\domains\\nixapp\\App\\views\\index.php","line":30} []
[2019-01-04 19:41:16] log_channel.WARNING: E_WARNING: Illegal string offset 'category' {"code":2,"message":"Illegal string offset 'category'","file":"C:\\OSPanel\\domains\\nixapp\\App\\views\\index.php","line":30} []
[2019-01-04 19:41:16] log_channel.WARNING: E_WARNING: Illegal string offset 'category' {"code":2,"message":"Illegal string offset 'category'","file":"C:\\OSPanel\\domains\\nixapp\\App\\views\\index.php","line":30} []
[2019-01-04 19:41:16] log_channel.WARNING: E_WARNING: Illegal string offset 'category' {"code":2,"message":"Illegal string offset 'category'","file":"C:\\OSPanel\\domains\\nixapp\\App\\views\\index.php","line":30} []
[2019-01-04 19:41:16] log_channel.WARNING: E_WARNING: Illegal string offset 'category' {"code":2,"message":"Illegal string offset 'category'","file":"C:\\OSPanel\\domains\\nixapp\\App\\views\\index.php","line":30} []
[2019-01-04 19:41:16] log_channel.WARNING: E_WARNING: Illegal string offset 'category' {"code":2,"message":"Illegal string offset 'category'","file":"C:\\OSPanel\\domains\\nixapp\\App\\views\\index.php","line":30} []
[2019-01-04 19:41:16] log_channel.WARNING: E_WARNING: Illegal string offset 'category' {"code":2,"message":"Illegal string offset 'category'","file":"C:\\OSPanel\\domains\\nixapp\\App\\views\\index.php","line":30} []
[2019-01-04 19:41:19] log_channel.WARNING: E_WARNING: Illegal string offset 'category' {"code":2,"message":"Illegal string offset 'category'","file":"C:\\OSPanel\\domains\\nixapp\\App\\views\\index.php","line":30} []
[2019-01-04 19:41:19] log_channel.WARNING: E_WARNING: Illegal string offset 'category' {"code":2,"message":"Illegal string offset 'category'","file":"C:\\OSPanel\\domains\\nixapp\\App\\views\\index.php","line":30} []
[2019-01-04 19:41:19] log_channel.WARNING: E_WARNING: Illegal string offset 'category' {"code":2,"message":"Illegal string offset 'category'","file":"C:\\OSPanel\\domains\\nixapp\\App\\views\\index.php","line":30} []
[2019-01-04 19:41:19] log_channel.WARNING: E_WARNING: Illegal string offset 'category' {"code":2,"message":"Illegal string offset 'category'","file":"C:\\OSPanel\\domains\\nixapp\\App\\views\\index.php","line":30} []
[2019-01-04 19:41:19] log_channel.WARNING: E_WARNING: Illegal string offset 'category' {"code":2,"message":"Illegal string offset 'category'","file":"C:\\OSPanel\\domains\\nixapp\\App\\views\\index.php","line":30} []
[2019-01-04 19:41:19] log_channel.WARNING: E_WARNING: Illegal string offset 'category' {"code":2,"message":"Illegal string offset 'category'","file":"C:\\OSPanel\\domains\\nixapp\\App\\views\\index.php","line":30} []
